<?xml version="1.0" encoding="UTF-8"?>
<testng-results ignored="0" total="1" passed="1" failed="0" skipped="0">
  <reporter-output>
  </reporter-output>
  <suite started-at="2024-09-26T17:33:26 IST" name="Default suite" finished-at="2024-09-26T17:33:47 IST" duration-ms="21474">
    <groups>
    </groups>
    <test started-at="2024-09-26T17:33:26 IST" name="Default test" finished-at="2024-09-26T17:33:47 IST" duration-ms="21474">
      <class name="DataTables.VerifyTables">
        <test-method is-config="true" signature="beforeTest()[pri:0, instance:DataTables.VerifyTables@7c7a06ec]" started-at="2024-09-26T17:33:26 IST" name="beforeTest" finished-at="2024-09-26T17:33:37 IST" duration-ms="11563" status="PASS">
          <reporter-output>
          </reporter-output>
        </test-method> <!-- beforeTest -->
        <test-method signature="verifyWebTable()[pri:0, instance:DataTables.VerifyTables@7c7a06ec]" started-at="2024-09-26T17:33:37 IST" name="verifyWebTable" finished-at="2024-09-26T17:33:47 IST" duration-ms="9871" status="PASS">
          <reporter-output>
          </reporter-output>
        </test-method> <!-- verifyWebTable -->
        <test-method is-config="true" signature="afterTest()[pri:0, instance:DataTables.VerifyTables@7c7a06ec]" started-at="2024-09-26T17:33:47 IST" name="afterTest" finished-at="2024-09-26T17:33:47 IST" duration-ms="1" status="PASS">
          <reporter-output>
          </reporter-output>
        </test-method> <!-- afterTest -->
      </class> <!-- DataTables.VerifyTables -->
    </test> <!-- Default test -->
  </suite> <!-- Default suite -->
</testng-results>
